<?xml version="1.0" encoding="UTF-8"?>
<testsuite xmlns:xsi="http://www.w3.org/2001/XMLSchema-instance" xsi:noNamespaceSchemaLocation="https://maven.apache.org/surefire/maven-surefire-plugin/xsd/surefire-test-report-3.0.xsd" version="3.0" name="persistence.XmlGameSaveRepositoryTest" time="0.112" tests="4" errors="0" skipped="0" failures="0">
  <properties>
[...]
</properties>
  <testcase name="testSaveShouldCallMarshallerWhenThereIsNoException" classname="persistence.XmlGameSaveRepositoryTest" time="0.087"/>
  <testcase name="testSaveShouldThrowRuntimeExceptionWhenThereIsJAXBException" classname="persistence.XmlGameSaveRepositoryTest" time="0.012">
    <system-out><![CDATA[2022-01-05 16:10:35.905 [main] ERROR h.n.p.t.p.XmlGameSaveRepository - Error while saving gamestate to XML
jakarta.xml.bind.JAXBException: null
]]></system-out>
  </testcase>
  <testcase name="testLoadShouldThrowRuntimeExceptionWhenThereIsJAXBException" classname="persistence.XmlGameSaveRepositoryTest" time="0.003">
    <system-err><![CDATA[jakarta.xml.bind.JAXBException
]]></system-err>
  </testcase>
  <testcase name="testLoadShouldReturnCharMapWhenThereIsNoException" classname="persistence.XmlGameSaveRepositoryTest" time="0.005"/>
</testsuite>